<?xml version="1.0" encoding="UTF-8"?>
<!-- Generated by org.testng.reporters.JUnitReportReporter -->
<testsuite skipped="0" hostname="Kripal-VAIO" name="com.zoopla.qa.testcases.HomePageTest" tests="2" failures="0" timestamp="06 Jun 2019 13:34:11 GMT" time="54.393" errors="0">
  <testcase name="verifyHomePageTitleTest" time="19.688" classname="com.zoopla.qa.testcases.HomePageTest"/>
  <testcase name="verifyForSalePageLocationTest" time="34.705" classname="com.zoopla.qa.testcases.HomePageTest"/>
</testsuite> <!-- com.zoopla.qa.testcases.HomePageTest -->
