<?xml version="1.0" encoding="UTF-8"?>
<!-- Generated by org.testng.reporters.JUnitReportReporter -->
<testsuite skipped="0" hostname="Kripal-VAIO" name="com.zoopla.qa.testcases.ForSalePageTest" tests="1" failures="0" timestamp="06 Jun 2019 13:34:11 GMT" time="30.275" errors="0">
  <testcase name="getAllPropPriceReverseTest" time="30.275" classname="com.zoopla.qa.testcases.ForSalePageTest"/>
</testsuite> <!-- com.zoopla.qa.testcases.ForSalePageTest -->
