<?xml version="1.0" encoding="UTF-8"?>
<!-- Generated by org.testng.reporters.JUnitReportReporter -->
<testsuite skipped="0" hostname="Kripal-VAIO" name="com.zoopla.qa.testcases.AgentsPageTest" tests="1" failures="0" timestamp="06 Jun 2019 13:34:11 GMT" time="64.503" errors="0">
  <testcase name="VerifyagentNameTest" time="64.503" classname="com.zoopla.qa.testcases.AgentsPageTest"/>
</testsuite> <!-- com.zoopla.qa.testcases.AgentsPageTest -->
