<?xml version="1.0" encoding="UTF-8"?>
<!-- Generated by org.testng.reporters.JUnitReportReporter -->
<testsuite skipped="0" hostname="Kripal-VAIO" name="com.zoopla.qa.testcases.PropertyDtlPageTest" tests="1" failures="0" timestamp="06 Jun 2019 13:34:11 GMT" time="59.001" errors="0">
  <testcase name="getAgentDetaillistTest" time="59.001" classname="com.zoopla.qa.testcases.PropertyDtlPageTest"/>
</testsuite> <!-- com.zoopla.qa.testcases.PropertyDtlPageTest -->
